<?xml version="1.0" encoding="UTF-8"?>
<!-- Generated by org.testng.reporters.JUnitReportReporter -->
<testsuite hostname="DESKTOP-CJSKQI6" failures="0" tests="4" name="saucedemo.runners.TestRunner" time="17.292" errors="0" timestamp="2025-09-07T12:37:09 IST" skipped="0">
  <testcase classname="saucedemo.runners.TestRunner" name="runScenario" time="3.755"/>
  <testcase classname="saucedemo.runners.TestRunner" name="runScenario" time="3.700"/>
  <testcase classname="saucedemo.runners.TestRunner" name="runScenario" time="5.090"/>
  <testcase classname="saucedemo.runners.TestRunner" name="runScenario" time="4.747"/>
</testsuite> <!-- saucedemo.runners.TestRunner -->
