<?xml version="1.0" encoding="UTF-8"?>
<!-- Generated by org.testng.reporters.JUnitReportReporter -->
<testsuite hostname="DESKTOP-MP6QUH3" failures="0" tests="6" name="saucedemo.testclasses.ProductPageTest" time="61.924" errors="0" timestamp="2025-09-07T23:28:30 IST" skipped="0">
  <testcase classname="saucedemo.testclasses.ProductPageTest" name="productDisplayed" time="0.127"/>
  <testcase classname="saucedemo.testclasses.ProductPageTest" name="addProductToCart" time="0.504"/>
  <testcase classname="saucedemo.testclasses.ProductPageTest" name="removeProductFromCart" time="20.426"/>
  <testcase classname="saucedemo.testclasses.ProductPageTest" name="addProductAfterRemovingAll" time="20.187"/>
  <testcase classname="saucedemo.testclasses.ProductPageTest" name="addSecondProductToCart" time="20.310"/>
  <testcase classname="saucedemo.testclasses.ProductPageTest" name="goToCartTest" time="0.370"/>
</testsuite> <!-- saucedemo.testclasses.ProductPageTest -->
